# JRE version: OpenJDK Runtime Environment (8.0_112-b06) (build 1.8.0_112-release-b06)
# Java VM: OpenJDK 64-Bit Server VM (25.112-b06 mixed mode windows-amd64 compressed oops)
Heap:
 PSYoungGen      total 32256K, used 6565K [0x00000000e0000000, 0x00000000e2f00000, 0x0000000100000000)
  eden space 28672K, 11% used [0x00000000e0000000,0x00000000e0353cf8,0x00000000e1c00000)
  from space 3584K, 88% used [0x00000000e1c80000,0x00000000e1f959c0,0x00000000e2000000)
  to   space 9728K, 0% used [0x00000000e2580000,0x00000000e2580000,0x00000000e2f00000)
 ParOldGen       total 52224K, used 17758K [0x00000000a0000000, 0x00000000a3300000, 0x00000000e0000000)
  object space 52224K, 34% used [0x00000000a0000000,0x00000000a1157ad8,0x00000000a3300000)
 Metaspace       used 39787K, capacity 40550K, committed 40704K, reserved 1085440K
  class space    used 5375K, capacity 5576K, committed 5632K, reserved 1048576K
GC Heap History (10 events):
Event: 139.554 GC heap before
{Heap before GC invocations=11 (full 1):
 PSYoungGen      total 36864K, used 36748K [0x00000000e0000000, 0x00000000e3000000, 0x0000000100000000)
  eden space 30720K, 100% used [0x00000000e0000000,0x00000000e1e00000,0x00000000e1e00000)
  from space 6144K, 98% used [0x00000000e1e80000,0x00000000e24630c8,0x00000000e2480000)
  to   space 9216K, 0% used [0x00000000e2700000,0x00000000e2700000,0x00000000e3000000)
 ParOldGen       total 47616K, used 12444K [0x00000000a0000000, 0x00000000a2e80000, 0x00000000e0000000)
  object space 47616K, 26% used [0x00000000a0000000,0x00000000a0c273f0,0x00000000a2e80000)
 Metaspace       used 34248K, capacity 34826K, committed 35072K, reserved 1079296K
  class space    used 4571K, capacity 4749K, committed 4864K, reserved 1048576K
Event: 139.560 GC heap after
Heap after GC invocations=11 (full 1):
 PSYoungGen      total 39424K, used 3326K [0x00000000e0000000, 0x00000000e3080000, 0x0000000100000000)
  eden space 30208K, 0% used [0x00000000e0000000,0x00000000e0000000,0x00000000e1d80000)
  from space 9216K, 36% used [0x00000000e2700000,0x00000000e2a3f848,0x00000000e3000000)
  to   space 9728K, 0% used [0x00000000e1d80000,0x00000000e1d80000,0x00000000e2700000)
 ParOldGen       total 47616K, used 13714K [0x00000000a0000000, 0x00000000a2e80000, 0x00000000e0000000)
  object space 47616K, 28% used [0x00000000a0000000,0x00000000a0d64840,0x00000000a2e80000)
 Metaspace       used 34248K, capacity 34826K, committed 35072K, reserved 1079296K
  class space    used 4571K, capacity 4749K, committed 4864K, reserved 1048576K
}
Event: 139.872 GC heap before
{Heap before GC invocations=12 (full 1):
 PSYoungGen      total 39424K, used 10986K [0x00000000e0000000, 0x00000000e3080000, 0x0000000100000000)
  eden space 30208K, 25% used [0x00000000e0000000,0x00000000e077b320,0x00000000e1d80000)
  from space 9216K, 36% used [0x00000000e2700000,0x00000000e2a3f848,0x00000000e3000000)
  to   space 9728K, 0% used [0x00000000e1d80000,0x00000000e1d80000,0x00000000e2700000)
 ParOldGen       total 47616K, used 13714K [0x00000000a0000000, 0x00000000a2e80000, 0x00000000e0000000)
  object space 47616K, 28% used [0x00000000a0000000,0x00000000a0d64840,0x00000000a2e80000)
 Metaspace       used 34803K, capacity 35350K, committed 35496K, reserved 1079296K
  class space    used 4659K, capacity 4815K, committed 4864K, reserved 1048576K
Event: 139.876 GC heap after
Heap after GC invocations=12 (full 1):
 PSYoungGen      total 30720K, used 963K [0x00000000e0000000, 0x00000000e3000000, 0x0000000100000000)
  eden space 29696K, 0% used [0x00000000e0000000,0x00000000e0000000,0x00000000e1d00000)
  from space 1024K, 94% used [0x00000000e1d80000,0x00000000e1e70f08,0x00000000e1e80000)
  to   space 9728K, 0% used [0x00000000e2680000,0x00000000e2680000,0x00000000e3000000)
 ParOldGen       total 47616K, used 16526K [0x00000000a0000000, 0x00000000a2e80000, 0x00000000e0000000)
  object space 47616K, 34% used [0x00000000a0000000,0x00000000a1023870,0x00000000a2e80000)
 Metaspace       used 34803K, capacity 35350K, committed 35496K, reserved 1079296K
  class space    used 4659K, capacity 4815K, committed 4864K, reserved 1048576K
}
Event: 139.876 GC heap before
{Heap before GC invocations=13 (full 2):
 PSYoungGen      total 30720K, used 963K [0x00000000e0000000, 0x00000000e3000000, 0x0000000100000000)
  eden space 29696K, 0% used [0x00000000e0000000,0x00000000e0000000,0x00000000e1d00000)
  from space 1024K, 94% used [0x00000000e1d80000,0x00000000e1e70f08,0x00000000e1e80000)
  to   space 9728K, 0% used [0x00000000e2680000,0x00000000e2680000,0x00000000e3000000)
 ParOldGen       total 47616K, used 16526K [0x00000000a0000000, 0x00000000a2e80000, 0x00000000e0000000)
  object space 47616K, 34% used [0x00000000a0000000,0x00000000a1023870,0x00000000a2e80000)
 Metaspace       used 34803K, capacity 35350K, committed 35496K, reserved 1079296K
  class space    used 4659K, capacity 4815K, committed 4864K, reserved 1048576K
Event: 139.951 GC heap after
Heap after GC invocations=13 (full 2):
 PSYoungGen      total 30720K, used 0K [0x00000000e0000000, 0x00000000e3000000, 0x0000000100000000)
  eden space 29696K, 0% used [0x00000000e0000000,0x00000000e0000000,0x00000000e1d00000)
  from space 1024K, 0% used [0x00000000e1d80000,0x00000000e1d80000,0x00000000e1e80000)
  to   space 9728K, 0% used [0x00000000e2680000,0x00000000e2680000,0x00000000e3000000)
 ParOldGen       total 52224K, used 14503K [0x00000000a0000000, 0x00000000a3300000, 0x00000000e0000000)
  object space 52224K, 27% used [0x00000000a0000000,0x00000000a0e29d38,0x00000000a3300000)
 Metaspace       used 34803K, capacity 35350K, committed 35496K, reserved 1079296K
  class space    used 4659K, capacity 4815K, committed 4864K, reserved 1048576K
}
Event: 142.001 GC heap before
{Heap before GC invocations=14 (full 2):
 PSYoungGen      total 30720K, used 29696K [0x00000000e0000000, 0x00000000e3000000, 0x0000000100000000)
  eden space 29696K, 100% used [0x00000000e0000000,0x00000000e1d00000,0x00000000e1d00000)
  from space 1024K, 0% used [0x00000000e1d80000,0x00000000e1d80000,0x00000000e1e80000)
  to   space 9728K, 0% used [0x00000000e2680000,0x00000000e2680000,0x00000000e3000000)
 ParOldGen       total 52224K, used 14503K [0x00000000a0000000, 0x00000000a3300000, 0x00000000e0000000)
  object space 52224K, 27% used [0x00000000a0000000,0x00000000a0e29d38,0x00000000a3300000)
 Metaspace       used 37009K, capacity 37668K, committed 38016K, reserved 1081344K
  class space    used 4935K, capacity 5129K, committed 5248K, reserved 1048576K
Event: 142.003 GC heap after
Heap after GC invocations=14 (full 2):
 PSYoungGen      total 38400K, used 4569K [0x00000000e0000000, 0x00000000e2f80000, 0x0000000100000000)
  eden space 29184K, 0% used [0x00000000e0000000,0x00000000e0000000,0x00000000e1c80000)
  from space 9216K, 49% used [0x00000000e2680000,0x00000000e2af66e8,0x00000000e2f80000)
  to   space 9728K, 0% used [0x00000000e1c80000,0x00000000e1c80000,0x00000000e2600000)
 ParOldGen       total 52224K, used 14511K [0x00000000a0000000, 0x00000000a3300000, 0x00000000e0000000)
  object space 52224K, 27% used [0x00000000a0000000,0x00000000a0e2bd38,0x00000000a3300000)
 Metaspace       used 37009K, capacity 37668K, committed 38016K, reserved 1081344K
  class space    used 4935K, capacity 5129K, committed 5248K, reserved 1048576K
}
Event: 145.597 GC heap before
{Heap before GC invocations=15 (full 2):
 PSYoungGen      total 38400K, used 33753K [0x00000000e0000000, 0x00000000e2f80000, 0x0000000100000000)
  eden space 29184K, 100% used [0x00000000e0000000,0x00000000e1c80000,0x00000000e1c80000)
  from space 9216K, 49% used [0x00000000e2680000,0x00000000e2af66e8,0x00000000e2f80000)
  to   space 9728K, 0% used [0x00000000e1c80000,0x00000000e1c80000,0x00000000e2600000)
 ParOldGen       total 52224K, used 14511K [0x00000000a0000000, 0x00000000a3300000, 0x00000000e0000000)
  object space 52224K, 27% used [0x00000000a0000000,0x00000000a0e2bd38,0x00000000a3300000)
 Metaspace       used 39165K, capacity 39884K, committed 40064K, reserved 1083392K
  class space    used 5287K, capacity 5497K, committed 5504K, reserved 1048576K
Event: 145.601 GC heap after
Heap after GC invocations=15 (full 2):
 PSYoungGen      total 32256K, used 3158K [0x00000000e0000000, 0x00000000e2f00000, 0x0000000100000000)
  eden space 28672K, 0% used [0x00000000e0000000,0x00000000e0000000,0x00000000e1c00000)
  from space 3584K, 88% used [0x00000000e1c80000,0x00000000e1f959c0,0x00000000e2000000)
  to   space 9728K, 0% used [0x00000000e2580000,0x00000000e2580000,0x00000000e2f00000)
 ParOldGen       total 52224K, used 17758K [0x00000000a0000000, 0x00000000a3300000, 0x00000000e0000000)
  object space 52224K, 34% used [0x00000000a0000000,0x00000000a1157ad8,0x00000000a3300000)
 Metaspace       used 39165K, capacity 39884K, committed 40064K, reserved 1083392K
  class space    used 5287K, capacity 5497K, committed 5504K, reserved 1048576K
}

